0 info it worked if it ends with ok
1 verbose cli [ 'C:\\Program Files\\nodejs\\node.exe',
1 verbose cli   'C:\\Users\\Devin\\AppData\\Roaming\\npm\\node_modules\\npm\\bin\\npm-cli.js',
1 verbose cli   'start' ]
2 info using npm@4.0.5
3 info using node@v4.4.6
4 verbose run-script [ 'prestart', 'start', 'poststart' ]
5 info lifecycle website-dev-tips@1.0.0~prestart: website-dev-tips@1.0.0
6 silly lifecycle website-dev-tips@1.0.0~prestart: no script for prestart, continuing
7 info lifecycle website-dev-tips@1.0.0~start: website-dev-tips@1.0.0
8 verbose lifecycle website-dev-tips@1.0.0~start: unsafe-perm in lifecycle true
9 verbose lifecycle website-dev-tips@1.0.0~start: PATH: C:\Users\Devin\AppData\Roaming\npm\node_modules\npm\bin\node-gyp-bin;C:\Users\Devin\Desktop\Projects\WebsiteDevTips\node_modules\.bin;C:\Users\Devin\AppData\Roaming\npm;C:\Program Files\nodejs\;C:\ProgramData\Oracle\Java\javapath;C:\Program Files\ImageMagick-6.9.1-Q16;C:\ImageMagick-6.9.1-Q16;c:\Program Files (x86)\Intel\iCLS Client\;c:\Program Files\Intel\iCLS Client\;C:\WINDOWS\system32;C:\WINDOWS;C:\WINDOWS\System32\Wbem;C:\WINDOWS\System32\WindowsPowerShell\v1.0\;C:\Program Files\Intel\Intel(R) Management Engine Components\DAL;C:\Program Files\Intel\Intel(R) Management Engine Components\IPT;C:\Program Files (x86)\Intel\Intel(R) Management Engine Components\DAL;C:\Program Files (x86)\Intel\Intel(R) Management Engine Components\IPT;C:\Program Files (x86)\Windows Live\Shared;c:\Python27;c:\Python27\Scripts;C:\Program Files (x86)\Heroku\bin;C:\Program Files (x86)\git\cmd;C:\Program Files\nodejs\;C:\Program Files (x86)\Skype\Phone\;C:\Program Files\erl8.0\bin;C:\Program Files (x86)\Elixir\bin;C:\WINDOWS\system32\config\systemprofile\.mix\escripts;C:\ProgramData\chocolatey\bin;C:\Users\Devin\appdata\local\scoop\shims;C:\RailsInstaller\Git\cmd;C:\RailsInstaller\Ruby2.1.0\bin;C:\Program Files\MySQL\MySQL Server 5.6\bin;C:\Users\Devin\AppData\Roaming\npm
10 verbose lifecycle website-dev-tips@1.0.0~start: CWD: C:\Users\Devin\Desktop\Projects\WebsiteDevTips
11 silly lifecycle website-dev-tips@1.0.0~start: Args: [ '/d /s /c',
11 silly lifecycle   'babel-node src/server.js --presets es2015,react,stage-0' ]
12 silly lifecycle website-dev-tips@1.0.0~start: Returned: code: 1  signal: null
13 info lifecycle website-dev-tips@1.0.0~start: Failed to exec start script
14 verbose stack Error: website-dev-tips@1.0.0 start: `babel-node src/server.js --presets es2015,react,stage-0`
14 verbose stack Exit status 1
14 verbose stack     at EventEmitter.<anonymous> (C:\Users\Devin\AppData\Roaming\npm\node_modules\npm\lib\utils\lifecycle.js:279:16)
14 verbose stack     at emitTwo (events.js:87:13)
14 verbose stack     at EventEmitter.emit (events.js:172:7)
14 verbose stack     at ChildProcess.<anonymous> (C:\Users\Devin\AppData\Roaming\npm\node_modules\npm\lib\utils\spawn.js:40:14)
14 verbose stack     at emitTwo (events.js:87:13)
14 verbose stack     at ChildProcess.emit (events.js:172:7)
14 verbose stack     at maybeClose (internal/child_process.js:827:16)
14 verbose stack     at Process.ChildProcess._handle.onexit (internal/child_process.js:211:5)
15 verbose pkgid website-dev-tips@1.0.0
16 verbose cwd C:\Users\Devin\Desktop\Projects\WebsiteDevTips
17 error Windows_NT 10.0.10240
18 error argv "C:\\Program Files\\nodejs\\node.exe" "C:\\Users\\Devin\\AppData\\Roaming\\npm\\node_modules\\npm\\bin\\npm-cli.js" "start"
19 error node v4.4.6
20 error npm  v4.0.5
21 error code ELIFECYCLE
22 error website-dev-tips@1.0.0 start: `babel-node src/server.js --presets es2015,react,stage-0`
22 error Exit status 1
23 error Failed at the website-dev-tips@1.0.0 start script 'babel-node src/server.js --presets es2015,react,stage-0'.
23 error Make sure you have the latest version of node.js and npm installed.
23 error If you do, this is most likely a problem with the website-dev-tips package,
23 error not with npm itself.
23 error Tell the author that this fails on your system:
23 error     babel-node src/server.js --presets es2015,react,stage-0
23 error You can get information on how to open an issue for this project with:
23 error     npm bugs website-dev-tips
23 error Or if that isn't available, you can get their info via:
23 error     npm owner ls website-dev-tips
23 error There is likely additional logging output above.
24 verbose exit [ 1, true ]
